0 info it worked if it ends with ok
1 verbose cli [ '/usr/local/bin/node', '/usr/local/bin/npm', 'start' ]
2 info using npm@3.4.1
3 info using node@v4.2.2
4 verbose run-script [ 'prestart', 'start', 'poststart' ]
5 info lifecycle reveal.js@3.3.0~prestart: reveal.js@3.3.0
6 silly lifecycle reveal.js@3.3.0~prestart: no script for prestart, continuing
7 info lifecycle reveal.js@3.3.0~start: reveal.js@3.3.0
8 verbose lifecycle reveal.js@3.3.0~start: unsafe-perm in lifecycle true
9 verbose lifecycle reveal.js@3.3.0~start: PATH: /usr/local/lib/node_modules/npm/bin/node-gyp-bin:/Users/mike/Desktop/Sites/Personal/talks/wp-4.9/node_modules/.bin:/Applications/MAMP/bin/php/php7.1.1/bin:/Users/mike/.rvm/gems/ruby-2.2.3/bin:/Users/mike/.rvm/gems/ruby-2.2.3@global/bin:/Users/mike/.rvm/rubies/ruby-2.2.3/bin:/Applications/MAMP/Library/bin:/usr/local/bin:/usr/bin:/bin:/usr/sbin:/sbin:/opt/X11/bin:/Users/mike/.rvm/bin:/Users/mike/.rvm/bin
10 verbose lifecycle reveal.js@3.3.0~start: CWD: /Users/mike/Desktop/Sites/Personal/talks/wp-4.9
11 silly lifecycle reveal.js@3.3.0~start: Args: [ '-c', 'grunt serve' ]
12 silly lifecycle reveal.js@3.3.0~start: Returned: code: 2  signal: null
13 info lifecycle reveal.js@3.3.0~start: Failed to exec start script
14 verbose stack Error: reveal.js@3.3.0 start: `grunt serve`
14 verbose stack Exit status 2
14 verbose stack     at EventEmitter.<anonymous> (/usr/local/lib/node_modules/npm/lib/utils/lifecycle.js:232:16)
14 verbose stack     at emitTwo (events.js:87:13)
14 verbose stack     at EventEmitter.emit (events.js:172:7)
14 verbose stack     at ChildProcess.<anonymous> (/usr/local/lib/node_modules/npm/lib/utils/spawn.js:24:14)
14 verbose stack     at emitTwo (events.js:87:13)
14 verbose stack     at ChildProcess.emit (events.js:172:7)
14 verbose stack     at maybeClose (internal/child_process.js:818:16)
14 verbose stack     at Process.ChildProcess._handle.onexit (internal/child_process.js:211:5)
15 verbose pkgid reveal.js@3.3.0
16 verbose cwd /Users/mike/Desktop/Sites/Personal/talks/wp-4.9
17 error Darwin 16.7.0
18 error argv "/usr/local/bin/node" "/usr/local/bin/npm" "start"
19 error node v4.2.2
20 error npm  v3.4.1
21 error code ELIFECYCLE
22 error reveal.js@3.3.0 start: `grunt serve`
22 error Exit status 2
23 error Failed at the reveal.js@3.3.0 start script 'grunt serve'.
23 error Make sure you have the latest version of node.js and npm installed.
23 error If you do, this is most likely a problem with the reveal.js package,
23 error not with npm itself.
23 error Tell the author that this fails on your system:
23 error     grunt serve
23 error You can get their info via:
23 error     npm owner ls reveal.js
23 error There is likely additional logging output above.
24 verbose exit [ 1, true ]
